current directory: /Users/ertugrulsahin/Codalio/demo-project-v4/booking-app/gems/date-3.5.1/ext/date
/Users/ertugrulsahin/.rbenv/versions/3.4.7/bin/ruby extconf.rb
checking for rb_category_warn()... yes
checking for timezone in time.h with -Werror... yes
checking for altzone in time.h with -Werror... no
creating Makefile

current directory: /Users/ertugrulsahin/Codalio/demo-project-v4/booking-app/gems/date-3.5.1/ext/date
make DESTDIR\= sitearchdir\=./.gem.20260716-36696-f6iuj sitelibdir\=./.gem.20260716-36696-f6iuj clean

current directory: /Users/ertugrulsahin/Codalio/demo-project-v4/booking-app/gems/date-3.5.1/ext/date
make DESTDIR\= sitearchdir\=./.gem.20260716-36696-f6iuj sitelibdir\=./.gem.20260716-36696-f6iuj
compiling date_core.c
compiling date_parse.c
compiling date_strftime.c
compiling date_strptime.c
linking shared-object date_core.bundle

current directory: /Users/ertugrulsahin/Codalio/demo-project-v4/booking-app/gems/date-3.5.1/ext/date
make DESTDIR\= sitearchdir\=./.gem.20260716-36696-f6iuj sitelibdir\=./.gem.20260716-36696-f6iuj install
/opt/homebrew/bin/ginstall -c -m 0755 date_core.bundle ./.gem.20260716-36696-f6iuj

current directory: /Users/ertugrulsahin/Codalio/demo-project-v4/booking-app/gems/date-3.5.1/ext/date
make DESTDIR\= sitearchdir\=./.gem.20260716-36696-f6iuj sitelibdir\=./.gem.20260716-36696-f6iuj clean
