current directory: /Users/ertugrulsahin/Codalio/demo-project-v4/booking-app/gems/json-2.19.8/ext/json/ext/parser
/Users/ertugrulsahin/.rbenv/versions/3.4.7/bin/ruby extconf.rb
checking for rb_enc_interned_str() in ruby/encoding.h... yes
checking for rb_str_to_interned_str() in ruby.h... yes
checking for rb_hash_new_capa() in ruby.h... yes
checking for rb_hash_bulk_insert() in ruby.h... yes
checking for RUBY_TYPED_EMBEDDABLE in ruby.h... yes
checking for whether -std=c99 is accepted as CFLAGS... yes
checking for arm_neon.h... yes
checking for cpuid.h... no
creating Makefile

current directory: /Users/ertugrulsahin/Codalio/demo-project-v4/booking-app/gems/json-2.19.8/ext/json/ext/parser
make DESTDIR\= sitearchdir\=./.gem.20260716-36696-qsfj15 sitelibdir\=./.gem.20260716-36696-qsfj15 clean

current directory: /Users/ertugrulsahin/Codalio/demo-project-v4/booking-app/gems/json-2.19.8/ext/json/ext/parser
make DESTDIR\= sitearchdir\=./.gem.20260716-36696-qsfj15 sitelibdir\=./.gem.20260716-36696-qsfj15
compiling parser.c
linking shared-object json/ext/parser.bundle

current directory: /Users/ertugrulsahin/Codalio/demo-project-v4/booking-app/gems/json-2.19.8/ext/json/ext/parser
make DESTDIR\= sitearchdir\=./.gem.20260716-36696-qsfj15 sitelibdir\=./.gem.20260716-36696-qsfj15 install
/opt/homebrew/bin/ginstall -c -m 0755 parser.bundle ./.gem.20260716-36696-qsfj15/json/ext

current directory: /Users/ertugrulsahin/Codalio/demo-project-v4/booking-app/gems/json-2.19.8/ext/json/ext/parser
make DESTDIR\= sitearchdir\=./.gem.20260716-36696-qsfj15 sitelibdir\=./.gem.20260716-36696-qsfj15 clean
