bundler: failed to load command: rspec (/Users/ertugrulsahin/.rbenv/versions/3.4.4/project-gems/ruby/3.4.0/bin/rspec)
/Users/ertugrulsahin/.rbenv/versions/3.4.7/lib/ruby/3.4.0/bundled_gems.rb:82:in 'Kernel.require': linked to incompatible /Users/ertugrulsahin/.rbenv/versions/3.4.4/lib/libruby.3.4.dylib - /Users/ertugrulsahin/.rbenv/versions/3.4.4/project-gems/ruby/3.4.0/gems/stringio-3.2.0/lib/stringio.bundle (LoadError)
	from /Users/ertugrulsahin/.rbenv/versions/3.4.7/lib/ruby/3.4.0/bundled_gems.rb:82:in 'block (2 levels) in Kernel#replace_require'
	from /Users/ertugrulsahin/.rbenv/versions/3.4.4/project-gems/ruby/3.4.0/gems/rspec-core-3.13.6/lib/rspec/core/formatters/base_formatter.rb:2:in '<top (required)>'
	from /Users/ertugrulsahin/.rbenv/versions/3.4.4/project-gems/ruby/3.4.0/gems/rspec-core-3.13.6/lib/rspec/core.rb:8:in 'Kernel#require_relative'
	from /Users/ertugrulsahin/.rbenv/versions/3.4.4/project-gems/ruby/3.4.0/gems/rspec-core-3.13.6/lib/rspec/core.rb:8:in 'block in <top (required)>'
	from /Users/ertugrulsahin/.rbenv/versions/3.4.4/project-gems/ruby/3.4.0/gems/rspec-support-3.13.7/lib/rspec/support.rb:26:in 'block in RSpec::Support.define_optimized_require_for_rspec'
	from /Users/ertugrulsahin/.rbenv/versions/3.4.4/project-gems/ruby/3.4.0/gems/rspec-core-3.13.6/lib/rspec/core/formatters/base_text_formatter.rb:1:in '<top (required)>'
	from /Users/ertugrulsahin/.rbenv/versions/3.4.4/project-gems/ruby/3.4.0/gems/rspec-core-3.13.6/lib/rspec/core.rb:8:in 'Kernel#require_relative'
	from /Users/ertugrulsahin/.rbenv/versions/3.4.4/project-gems/ruby/3.4.0/gems/rspec-core-3.13.6/lib/rspec/core.rb:8:in 'block in <top (required)>'
	from /Users/ertugrulsahin/.rbenv/versions/3.4.4/project-gems/ruby/3.4.0/gems/rspec-support-3.13.7/lib/rspec/support.rb:26:in 'block in RSpec::Support.define_optimized_require_for_rspec'
	from /Users/ertugrulsahin/.rbenv/versions/3.4.4/project-gems/ruby/3.4.0/gems/rspec-core-3.13.6/lib/rspec/core/formatters/progress_formatter.rb:1:in '<top (required)>'
	from /Users/ertugrulsahin/.rbenv/versions/3.4.7/lib/ruby/3.4.0/bundled_gems.rb:82:in 'Kernel.require'
	from /Users/ertugrulsahin/.rbenv/versions/3.4.7/lib/ruby/3.4.0/bundled_gems.rb:82:in 'block (2 levels) in Kernel#replace_require'
	from /Users/ertugrulsahin/.rbenv/versions/3.4.4/project-gems/ruby/3.4.0/gems/rspec-core-3.13.6/lib/rspec/core/formatters.rb:218:in 'RSpec::Core::Formatters::Loader#built_in_formatter'
	from /Users/ertugrulsahin/.rbenv/versions/3.4.4/project-gems/ruby/3.4.0/gems/rspec-core-3.13.6/lib/rspec/core/formatters.rb:182:in 'RSpec::Core::Formatters::Loader#find_formatter'
	from /Users/ertugrulsahin/.rbenv/versions/3.4.4/project-gems/ruby/3.4.0/gems/rspec-core-3.13.6/lib/rspec/core/formatters.rb:152:in 'RSpec::Core::Formatters::Loader#add'
	from /Users/ertugrulsahin/.rbenv/versions/3.4.4/project-gems/ruby/3.4.0/gems/rspec-core-3.13.6/lib/rspec/core/formatters.rb:127:in 'RSpec::Core::Formatters::Loader#setup_default'
	from /Users/ertugrulsahin/.rbenv/versions/3.4.4/project-gems/ruby/3.4.0/gems/rspec-core-3.13.6/lib/rspec/core/reporter.rb:47:in 'block in RSpec::Core::Reporter#prepare_default'
	from /Users/ertugrulsahin/.rbenv/versions/3.4.4/project-gems/ruby/3.4.0/gems/rspec-core-3.13.6/lib/rspec/core/reporter.rb:237:in 'RSpec::Core::Reporter#ensure_listeners_ready'
	from /Users/ertugrulsahin/.rbenv/versions/3.4.4/project-gems/ruby/3.4.0/gems/rspec-core-3.13.6/lib/rspec/core/reporter.rb:208:in 'RSpec::Core::Reporter#notify'
	from /Users/ertugrulsahin/.rbenv/versions/3.4.4/project-gems/ruby/3.4.0/gems/rspec-core-3.13.6/lib/rspec/core/reporter.rb:100:in 'RSpec::Core::Reporter#message'
	from /Users/ertugrulsahin/.rbenv/versions/3.4.4/project-gems/ruby/3.4.0/gems/rspec-core-3.13.6/lib/rspec/core/world.rb:206:in 'RSpec::Core::World#report_filter_message'
	from /Users/ertugrulsahin/.rbenv/versions/3.4.4/project-gems/ruby/3.4.0/gems/rspec-core-3.13.6/lib/rspec/core/world.rb:197:in 'RSpec::Core::World#announce_filters'
	from /Users/ertugrulsahin/.rbenv/versions/3.4.4/project-gems/ruby/3.4.0/gems/rspec-core-3.13.6/lib/rspec/core/runner.rb:104:in 'RSpec::Core::Runner#setup'
	from /Users/ertugrulsahin/.rbenv/versions/3.4.4/project-gems/ruby/3.4.0/gems/rspec-core-3.13.6/lib/rspec/core/runner.rb:86:in 'RSpec::Core::Runner#run'
	from /Users/ertugrulsahin/.rbenv/versions/3.4.4/project-gems/ruby/3.4.0/gems/rspec-core-3.13.6/lib/rspec/core/runner.rb:71:in 'RSpec::Core::Runner.run'
	from /Users/ertugrulsahin/.rbenv/versions/3.4.4/project-gems/ruby/3.4.0/gems/rspec-core-3.13.6/lib/rspec/core/runner.rb:45:in 'RSpec::Core::Runner.invoke'
	from /Users/ertugrulsahin/.rbenv/versions/3.4.4/project-gems/ruby/3.4.0/gems/rspec-core-3.13.6/exe/rspec:4:in '<top (required)>'
	from /Users/ertugrulsahin/.rbenv/versions/3.4.4/project-gems/ruby/3.4.0/bin/rspec:25:in 'Kernel#load'
	from /Users/ertugrulsahin/.rbenv/versions/3.4.4/project-gems/ruby/3.4.0/bin/rspec:25:in '<top (required)>'
	from /Users/ertugrulsahin/.rbenv/versions/3.4.7/lib/ruby/gems/3.4.0/gems/bundler-2.7.2/lib/bundler/cli/exec.rb:59:in 'Kernel.load'
	from /Users/ertugrulsahin/.rbenv/versions/3.4.7/lib/ruby/gems/3.4.0/gems/bundler-2.7.2/lib/bundler/cli/exec.rb:59:in 'Bundler::CLI::Exec#kernel_load'
	from /Users/ertugrulsahin/.rbenv/versions/3.4.7/lib/ruby/gems/3.4.0/gems/bundler-2.7.2/lib/bundler/cli/exec.rb:23:in 'Bundler::CLI::Exec#run'
	from /Users/ertugrulsahin/.rbenv/versions/3.4.7/lib/ruby/gems/3.4.0/gems/bundler-2.7.2/lib/bundler/cli.rb:456:in 'Bundler::CLI#exec'
	from /Users/ertugrulsahin/.rbenv/versions/3.4.7/lib/ruby/gems/3.4.0/gems/bundler-2.7.2/lib/bundler/vendor/thor/lib/thor/command.rb:28:in 'Bundler::Thor::Command#run'
	from /Users/ertugrulsahin/.rbenv/versions/3.4.7/lib/ruby/gems/3.4.0/gems/bundler-2.7.2/lib/bundler/vendor/thor/lib/thor/invocation.rb:127:in 'Bundler::Thor::Invocation#invoke_command'
	from /Users/ertugrulsahin/.rbenv/versions/3.4.7/lib/ruby/gems/3.4.0/gems/bundler-2.7.2/lib/bundler/vendor/thor/lib/thor.rb:538:in 'Bundler::Thor.dispatch'
	from /Users/ertugrulsahin/.rbenv/versions/3.4.7/lib/ruby/gems/3.4.0/gems/bundler-2.7.2/lib/bundler/cli.rb:35:in 'Bundler::CLI.dispatch'
	from /Users/ertugrulsahin/.rbenv/versions/3.4.7/lib/ruby/gems/3.4.0/gems/bundler-2.7.2/lib/bundler/vendor/thor/lib/thor/base.rb:584:in 'Bundler::Thor::Base::ClassMethods#start'
	from /Users/ertugrulsahin/.rbenv/versions/3.4.7/lib/ruby/gems/3.4.0/gems/bundler-2.7.2/lib/bundler/cli.rb:29:in 'Bundler::CLI.start'
	from /Users/ertugrulsahin/.rbenv/versions/3.4.7/lib/ruby/gems/3.4.0/gems/bundler-2.7.2/exe/bundle:28:in 'block in <top (required)>'
	from /Users/ertugrulsahin/.rbenv/versions/3.4.7/lib/ruby/gems/3.4.0/gems/bundler-2.7.2/lib/bundler/friendly_errors.rb:118:in 'Bundler.with_friendly_errors'
	from /Users/ertugrulsahin/.rbenv/versions/3.4.7/lib/ruby/gems/3.4.0/gems/bundler-2.7.2/exe/bundle:20:in '<top (required)>'
	from /Users/ertugrulsahin/.rbenv/versions/3.4.7/bin/bundle:25:in 'Kernel#load'
	from /Users/ertugrulsahin/.rbenv/versions/3.4.7/bin/bundle:25:in '<main>'
/Users/ertugrulsahin/.rbenv/versions/3.4.7/lib/ruby/3.4.0/bundled_gems.rb:82:in 'Kernel.require': linked to incompatible /Users/ertugrulsahin/.rbenv/versions/3.4.4/lib/libruby.3.4.dylib - /Users/ertugrulsahin/.rbenv/versions/3.4.4/project-gems/ruby/3.4.0/gems/stringio-3.2.0/lib/stringio.bundle (LoadError)
	from /Users/ertugrulsahin/.rbenv/versions/3.4.7/lib/ruby/3.4.0/bundled_gems.rb:82:in 'block (2 levels) in Kernel#replace_require'
	from /Users/ertugrulsahin/.rbenv/versions/3.4.4/project-gems/ruby/3.4.0/gems/rspec-core-3.13.6/lib/rspec/core/formatters/base_formatter.rb:2:in '<top (required)>'
	from /Users/ertugrulsahin/.rbenv/versions/3.4.4/project-gems/ruby/3.4.0/gems/rspec-core-3.13.6/lib/rspec/core.rb:8:in 'Kernel#require_relative'
	from /Users/ertugrulsahin/.rbenv/versions/3.4.4/project-gems/ruby/3.4.0/gems/rspec-core-3.13.6/lib/rspec/core.rb:8:in 'block in <top (required)>'
	from /Users/ertugrulsahin/.rbenv/versions/3.4.4/project-gems/ruby/3.4.0/gems/rspec-support-3.13.7/lib/rspec/support.rb:26:in 'block in RSpec::Support.define_optimized_require_for_rspec'
	from /Users/ertugrulsahin/.rbenv/versions/3.4.4/project-gems/ruby/3.4.0/gems/rspec-core-3.13.6/lib/rspec/core/formatters/base_text_formatter.rb:1:in '<top (required)>'
	from /Users/ertugrulsahin/.rbenv/versions/3.4.4/project-gems/ruby/3.4.0/gems/rspec-core-3.13.6/lib/rspec/core.rb:8:in 'Kernel#require_relative'
	from /Users/ertugrulsahin/.rbenv/versions/3.4.4/project-gems/ruby/3.4.0/gems/rspec-core-3.13.6/lib/rspec/core.rb:8:in 'block in <top (required)>'
	from /Users/ertugrulsahin/.rbenv/versions/3.4.4/project-gems/ruby/3.4.0/gems/rspec-support-3.13.7/lib/rspec/support.rb:26:in 'block in RSpec::Support.define_optimized_require_for_rspec'
	from /Users/ertugrulsahin/.rbenv/versions/3.4.4/project-gems/ruby/3.4.0/gems/rspec-core-3.13.6/lib/rspec/core/formatters/progress_formatter.rb:1:in '<top (required)>'
	from /Users/ertugrulsahin/.rbenv/versions/3.4.7/lib/ruby/3.4.0/bundled_gems.rb:82:in 'Kernel.require'
	from /Users/ertugrulsahin/.rbenv/versions/3.4.7/lib/ruby/3.4.0/bundled_gems.rb:82:in 'block (2 levels) in Kernel#replace_require'
	from /Users/ertugrulsahin/.rbenv/versions/3.4.4/project-gems/ruby/3.4.0/gems/rspec-core-3.13.6/lib/rspec/core/formatters.rb:218:in 'RSpec::Core::Formatters::Loader#built_in_formatter'
	from /Users/ertugrulsahin/.rbenv/versions/3.4.4/project-gems/ruby/3.4.0/gems/rspec-core-3.13.6/lib/rspec/core/formatters.rb:182:in 'RSpec::Core::Formatters::Loader#find_formatter'
	from /Users/ertugrulsahin/.rbenv/versions/3.4.4/project-gems/ruby/3.4.0/gems/rspec-core-3.13.6/lib/rspec/core/formatters.rb:152:in 'RSpec::Core::Formatters::Loader#add'
	from /Users/ertugrulsahin/.rbenv/versions/3.4.4/project-gems/ruby/3.4.0/gems/rspec-core-3.13.6/lib/rspec/core/formatters.rb:127:in 'RSpec::Core::Formatters::Loader#setup_default'
	from /Users/ertugrulsahin/.rbenv/versions/3.4.4/project-gems/ruby/3.4.0/gems/rspec-core-3.13.6/lib/rspec/core/reporter.rb:47:in 'block in RSpec::Core::Reporter#prepare_default'
	from /Users/ertugrulsahin/.rbenv/versions/3.4.4/project-gems/ruby/3.4.0/gems/rspec-core-3.13.6/lib/rspec/core/reporter.rb:237:in 'RSpec::Core::Reporter#ensure_listeners_ready'
	from /Users/ertugrulsahin/.rbenv/versions/3.4.4/project-gems/ruby/3.4.0/gems/rspec-core-3.13.6/lib/rspec/core/reporter.rb:208:in 'RSpec::Core::Reporter#notify'
	from /Users/ertugrulsahin/.rbenv/versions/3.4.4/project-gems/ruby/3.4.0/gems/rspec-core-3.13.6/lib/rspec/core/reporter.rb:100:in 'RSpec::Core::Reporter#message'
	from /Users/ertugrulsahin/.rbenv/versions/3.4.4/project-gems/ruby/3.4.0/gems/rspec-core-3.13.6/lib/rspec/core/reporter.rb:169:in 'RSpec::Core::Reporter#notify_non_example_exception'
	from /Users/ertugrulsahin/.rbenv/versions/3.4.4/project-gems/ruby/3.4.0/gems/rspec-core-3.13.6/lib/rspec/core/configuration.rb:2148:in 'RSpec::Core::Configuration#load_file_handling_errors'
	from /Users/ertugrulsahin/.rbenv/versions/3.4.4/project-gems/ruby/3.4.0/gems/rspec-core-3.13.6/lib/rspec/core/configuration.rb:1643:in 'block in RSpec::Core::Configuration#load_spec_files'
	from /Users/ertugrulsahin/.rbenv/versions/3.4.4/project-gems/ruby/3.4.0/gems/rspec-core-3.13.6/lib/rspec/core/configuration.rb:1641:in 'Array#each'
	from /Users/ertugrulsahin/.rbenv/versions/3.4.4/project-gems/ruby/3.4.0/gems/rspec-core-3.13.6/lib/rspec/core/configuration.rb:1641:in 'RSpec::Core::Configuration#load_spec_files'
	from /Users/ertugrulsahin/.rbenv/versions/3.4.4/project-gems/ruby/3.4.0/gems/rspec-core-3.13.6/lib/rspec/core/runner.rb:102:in 'RSpec::Core::Runner#setup'
	from /Users/ertugrulsahin/.rbenv/versions/3.4.4/project-gems/ruby/3.4.0/gems/rspec-core-3.13.6/lib/rspec/core/runner.rb:86:in 'RSpec::Core::Runner#run'
	from /Users/ertugrulsahin/.rbenv/versions/3.4.4/project-gems/ruby/3.4.0/gems/rspec-core-3.13.6/lib/rspec/core/runner.rb:71:in 'RSpec::Core::Runner.run'
	from /Users/ertugrulsahin/.rbenv/versions/3.4.4/project-gems/ruby/3.4.0/gems/rspec-core-3.13.6/lib/rspec/core/runner.rb:45:in 'RSpec::Core::Runner.invoke'
	from /Users/ertugrulsahin/.rbenv/versions/3.4.4/project-gems/ruby/3.4.0/gems/rspec-core-3.13.6/exe/rspec:4:in '<top (required)>'
	from /Users/ertugrulsahin/.rbenv/versions/3.4.4/project-gems/ruby/3.4.0/bin/rspec:25:in 'Kernel#load'
	from /Users/ertugrulsahin/.rbenv/versions/3.4.4/project-gems/ruby/3.4.0/bin/rspec:25:in '<top (required)>'
	from /Users/ertugrulsahin/.rbenv/versions/3.4.7/lib/ruby/gems/3.4.0/gems/bundler-2.7.2/lib/bundler/cli/exec.rb:59:in 'Kernel.load'
	from /Users/ertugrulsahin/.rbenv/versions/3.4.7/lib/ruby/gems/3.4.0/gems/bundler-2.7.2/lib/bundler/cli/exec.rb:59:in 'Bundler::CLI::Exec#kernel_load'
	from /Users/ertugrulsahin/.rbenv/versions/3.4.7/lib/ruby/gems/3.4.0/gems/bundler-2.7.2/lib/bundler/cli/exec.rb:23:in 'Bundler::CLI::Exec#run'
	from /Users/ertugrulsahin/.rbenv/versions/3.4.7/lib/ruby/gems/3.4.0/gems/bundler-2.7.2/lib/bundler/cli.rb:456:in 'Bundler::CLI#exec'
	from /Users/ertugrulsahin/.rbenv/versions/3.4.7/lib/ruby/gems/3.4.0/gems/bundler-2.7.2/lib/bundler/vendor/thor/lib/thor/command.rb:28:in 'Bundler::Thor::Command#run'
	from /Users/ertugrulsahin/.rbenv/versions/3.4.7/lib/ruby/gems/3.4.0/gems/bundler-2.7.2/lib/bundler/vendor/thor/lib/thor/invocation.rb:127:in 'Bundler::Thor::Invocation#invoke_command'
	from /Users/ertugrulsahin/.rbenv/versions/3.4.7/lib/ruby/gems/3.4.0/gems/bundler-2.7.2/lib/bundler/vendor/thor/lib/thor.rb:538:in 'Bundler::Thor.dispatch'
	from /Users/ertugrulsahin/.rbenv/versions/3.4.7/lib/ruby/gems/3.4.0/gems/bundler-2.7.2/lib/bundler/cli.rb:35:in 'Bundler::CLI.dispatch'
	from /Users/ertugrulsahin/.rbenv/versions/3.4.7/lib/ruby/gems/3.4.0/gems/bundler-2.7.2/lib/bundler/vendor/thor/lib/thor/base.rb:584:in 'Bundler::Thor::Base::ClassMethods#start'
	from /Users/ertugrulsahin/.rbenv/versions/3.4.7/lib/ruby/gems/3.4.0/gems/bundler-2.7.2/lib/bundler/cli.rb:29:in 'Bundler::CLI.start'
	from /Users/ertugrulsahin/.rbenv/versions/3.4.7/lib/ruby/gems/3.4.0/gems/bundler-2.7.2/exe/bundle:28:in 'block in <top (required)>'
	from /Users/ertugrulsahin/.rbenv/versions/3.4.7/lib/ruby/gems/3.4.0/gems/bundler-2.7.2/lib/bundler/friendly_errors.rb:118:in 'Bundler.with_friendly_errors'
	from /Users/ertugrulsahin/.rbenv/versions/3.4.7/lib/ruby/gems/3.4.0/gems/bundler-2.7.2/exe/bundle:20:in '<top (required)>'
	from /Users/ertugrulsahin/.rbenv/versions/3.4.7/bin/bundle:25:in 'Kernel#load'
	from /Users/ertugrulsahin/.rbenv/versions/3.4.7/bin/bundle:25:in '<main>'
/Users/ertugrulsahin/.rbenv/versions/3.4.7/lib/ruby/3.4.0/bundled_gems.rb:82:in 'Kernel.require': linked to incompatible /Users/ertugrulsahin/.rbenv/versions/3.4.4/lib/libruby.3.4.dylib - /Users/ertugrulsahin/.rbenv/versions/3.4.4/project-gems/ruby/3.4.0/gems/bootsnap-1.23.0/lib/bootsnap/bootsnap.bundle (LoadError)
	from /Users/ertugrulsahin/.rbenv/versions/3.4.7/lib/ruby/3.4.0/bundled_gems.rb:82:in 'block (2 levels) in Kernel#replace_require'
	from /Users/ertugrulsahin/.rbenv/versions/3.4.4/project-gems/ruby/3.4.0/gems/bootsnap-1.23.0/lib/bootsnap/load_path_cache/path_scanner.rb:37:in 'singleton class'
	from /Users/ertugrulsahin/.rbenv/versions/3.4.4/project-gems/ruby/3.4.0/gems/bootsnap-1.23.0/lib/bootsnap/load_path_cache/path_scanner.rb:18:in '<module:PathScanner>'
	from /Users/ertugrulsahin/.rbenv/versions/3.4.4/project-gems/ruby/3.4.0/gems/bootsnap-1.23.0/lib/bootsnap/load_path_cache/path_scanner.rb:7:in '<module:LoadPathCache>'
	from /Users/ertugrulsahin/.rbenv/versions/3.4.4/project-gems/ruby/3.4.0/gems/bootsnap-1.23.0/lib/bootsnap/load_path_cache/path_scanner.rb:6:in '<module:Bootsnap>'
	from /Users/ertugrulsahin/.rbenv/versions/3.4.4/project-gems/ruby/3.4.0/gems/bootsnap-1.23.0/lib/bootsnap/load_path_cache/path_scanner.rb:5:in '<top (required)>'
	from /Users/ertugrulsahin/.rbenv/versions/3.4.4/project-gems/ruby/3.4.0/gems/bootsnap-1.23.0/lib/bootsnap/load_path_cache.rb:74:in 'Kernel#require_relative'
	from /Users/ertugrulsahin/.rbenv/versions/3.4.4/project-gems/ruby/3.4.0/gems/bootsnap-1.23.0/lib/bootsnap/load_path_cache.rb:74:in '<top (required)>'
	from /Users/ertugrulsahin/.rbenv/versions/3.4.4/project-gems/ruby/3.4.0/gems/bootsnap-1.23.0/lib/bootsnap.rb:169:in 'Kernel#require_relative'
	from /Users/ertugrulsahin/.rbenv/versions/3.4.4/project-gems/ruby/3.4.0/gems/bootsnap-1.23.0/lib/bootsnap.rb:169:in '<top (required)>'
	from /Users/ertugrulsahin/.rbenv/versions/3.4.4/project-gems/ruby/3.4.0/gems/bootsnap-1.23.0/lib/bootsnap/setup.rb:3:in 'Kernel#require_relative'
	from /Users/ertugrulsahin/.rbenv/versions/3.4.4/project-gems/ruby/3.4.0/gems/bootsnap-1.23.0/lib/bootsnap/setup.rb:3:in '<top (required)>'
	from /Users/ertugrulsahin/.rbenv/versions/3.4.7/lib/ruby/3.4.0/bundled_gems.rb:82:in 'Kernel.require'
	from /Users/ertugrulsahin/.rbenv/versions/3.4.7/lib/ruby/3.4.0/bundled_gems.rb:82:in 'block (2 levels) in Kernel#replace_require'
	from /Users/ertugrulsahin/Codalio/demo-project-v4/booking-app/config/boot.rb:4:in '<top (required)>'
	from /Users/ertugrulsahin/Codalio/demo-project-v4/booking-app/config/application.rb:1:in 'Kernel#require_relative'
	from /Users/ertugrulsahin/Codalio/demo-project-v4/booking-app/config/application.rb:1:in '<top (required)>'
	from /Users/ertugrulsahin/Codalio/demo-project-v4/booking-app/config/environment.rb:2:in 'Kernel#require_relative'
	from /Users/ertugrulsahin/Codalio/demo-project-v4/booking-app/config/environment.rb:2:in '<top (required)>'
	from /Users/ertugrulsahin/Codalio/demo-project-v4/booking-app/spec/rails_helper.rb:5:in 'Kernel#require_relative'
	from /Users/ertugrulsahin/Codalio/demo-project-v4/booking-app/spec/rails_helper.rb:5:in '<top (required)>'
	from /Users/ertugrulsahin/.rbenv/versions/3.4.7/lib/ruby/3.4.0/bundled_gems.rb:82:in 'Kernel.require'
	from /Users/ertugrulsahin/.rbenv/versions/3.4.7/lib/ruby/3.4.0/bundled_gems.rb:82:in 'block (2 levels) in Kernel#replace_require'
	from /Users/ertugrulsahin/Codalio/demo-project-v4/booking-app/spec/models/blog_spec.rb:3:in '<top (required)>'
	from /Users/ertugrulsahin/.rbenv/versions/3.4.4/project-gems/ruby/3.4.0/gems/rspec-core-3.13.6/lib/rspec/core/configuration.rb:2144:in 'Kernel#load'
	from /Users/ertugrulsahin/.rbenv/versions/3.4.4/project-gems/ruby/3.4.0/gems/rspec-core-3.13.6/lib/rspec/core/configuration.rb:2144:in 'RSpec::Core::Configuration#load_file_handling_errors'
	from /Users/ertugrulsahin/.rbenv/versions/3.4.4/project-gems/ruby/3.4.0/gems/rspec-core-3.13.6/lib/rspec/core/configuration.rb:1643:in 'block in RSpec::Core::Configuration#load_spec_files'
	from /Users/ertugrulsahin/.rbenv/versions/3.4.4/project-gems/ruby/3.4.0/gems/rspec-core-3.13.6/lib/rspec/core/configuration.rb:1641:in 'Array#each'
	from /Users/ertugrulsahin/.rbenv/versions/3.4.4/project-gems/ruby/3.4.0/gems/rspec-core-3.13.6/lib/rspec/core/configuration.rb:1641:in 'RSpec::Core::Configuration#load_spec_files'
	from /Users/ertugrulsahin/.rbenv/versions/3.4.4/project-gems/ruby/3.4.0/gems/rspec-core-3.13.6/lib/rspec/core/runner.rb:102:in 'RSpec::Core::Runner#setup'
	from /Users/ertugrulsahin/.rbenv/versions/3.4.4/project-gems/ruby/3.4.0/gems/rspec-core-3.13.6/lib/rspec/core/runner.rb:86:in 'RSpec::Core::Runner#run'
	from /Users/ertugrulsahin/.rbenv/versions/3.4.4/project-gems/ruby/3.4.0/gems/rspec-core-3.13.6/lib/rspec/core/runner.rb:71:in 'RSpec::Core::Runner.run'
	from /Users/ertugrulsahin/.rbenv/versions/3.4.4/project-gems/ruby/3.4.0/gems/rspec-core-3.13.6/lib/rspec/core/runner.rb:45:in 'RSpec::Core::Runner.invoke'
	from /Users/ertugrulsahin/.rbenv/versions/3.4.4/project-gems/ruby/3.4.0/gems/rspec-core-3.13.6/exe/rspec:4:in '<top (required)>'
	from /Users/ertugrulsahin/.rbenv/versions/3.4.4/project-gems/ruby/3.4.0/bin/rspec:25:in 'Kernel#load'
	from /Users/ertugrulsahin/.rbenv/versions/3.4.4/project-gems/ruby/3.4.0/bin/rspec:25:in '<top (required)>'
	from /Users/ertugrulsahin/.rbenv/versions/3.4.7/lib/ruby/gems/3.4.0/gems/bundler-2.7.2/lib/bundler/cli/exec.rb:59:in 'Kernel.load'
	from /Users/ertugrulsahin/.rbenv/versions/3.4.7/lib/ruby/gems/3.4.0/gems/bundler-2.7.2/lib/bundler/cli/exec.rb:59:in 'Bundler::CLI::Exec#kernel_load'
	from /Users/ertugrulsahin/.rbenv/versions/3.4.7/lib/ruby/gems/3.4.0/gems/bundler-2.7.2/lib/bundler/cli/exec.rb:23:in 'Bundler::CLI::Exec#run'
	from /Users/ertugrulsahin/.rbenv/versions/3.4.7/lib/ruby/gems/3.4.0/gems/bundler-2.7.2/lib/bundler/cli.rb:456:in 'Bundler::CLI#exec'
	from /Users/ertugrulsahin/.rbenv/versions/3.4.7/lib/ruby/gems/3.4.0/gems/bundler-2.7.2/lib/bundler/vendor/thor/lib/thor/command.rb:28:in 'Bundler::Thor::Command#run'
	from /Users/ertugrulsahin/.rbenv/versions/3.4.7/lib/ruby/gems/3.4.0/gems/bundler-2.7.2/lib/bundler/vendor/thor/lib/thor/invocation.rb:127:in 'Bundler::Thor::Invocation#invoke_command'
	from /Users/ertugrulsahin/.rbenv/versions/3.4.7/lib/ruby/gems/3.4.0/gems/bundler-2.7.2/lib/bundler/vendor/thor/lib/thor.rb:538:in 'Bundler::Thor.dispatch'
	from /Users/ertugrulsahin/.rbenv/versions/3.4.7/lib/ruby/gems/3.4.0/gems/bundler-2.7.2/lib/bundler/cli.rb:35:in 'Bundler::CLI.dispatch'
	from /Users/ertugrulsahin/.rbenv/versions/3.4.7/lib/ruby/gems/3.4.0/gems/bundler-2.7.2/lib/bundler/vendor/thor/lib/thor/base.rb:584:in 'Bundler::Thor::Base::ClassMethods#start'
	from /Users/ertugrulsahin/.rbenv/versions/3.4.7/lib/ruby/gems/3.4.0/gems/bundler-2.7.2/lib/bundler/cli.rb:29:in 'Bundler::CLI.start'
	from /Users/ertugrulsahin/.rbenv/versions/3.4.7/lib/ruby/gems/3.4.0/gems/bundler-2.7.2/exe/bundle:28:in 'block in <top (required)>'
	from /Users/ertugrulsahin/.rbenv/versions/3.4.7/lib/ruby/gems/3.4.0/gems/bundler-2.7.2/lib/bundler/friendly_errors.rb:118:in 'Bundler.with_friendly_errors'
	from /Users/ertugrulsahin/.rbenv/versions/3.4.7/lib/ruby/gems/3.4.0/gems/bundler-2.7.2/exe/bundle:20:in '<top (required)>'
	from /Users/ertugrulsahin/.rbenv/versions/3.4.7/bin/bundle:25:in 'Kernel#load'
	from /Users/ertugrulsahin/.rbenv/versions/3.4.7/bin/bundle:25:in '<main>'
