current directory: /Users/ertugrulsahin/Codalio/demo-project-v4/booking-app/gems/bcrypt_pbkdf-1.1.2/ext/mri
/Users/ertugrulsahin/.rbenv/versions/3.4.7/bin/ruby extconf.rb
creating Makefile

current directory: /Users/ertugrulsahin/Codalio/demo-project-v4/booking-app/gems/bcrypt_pbkdf-1.1.2/ext/mri
make DESTDIR\= sitearchdir\=./.gem.20260716-36696-f1jn1c sitelibdir\=./.gem.20260716-36696-f1jn1c clean

current directory: /Users/ertugrulsahin/Codalio/demo-project-v4/booking-app/gems/bcrypt_pbkdf-1.1.2/ext/mri
make DESTDIR\= sitearchdir\=./.gem.20260716-36696-f1jn1c sitelibdir\=./.gem.20260716-36696-f1jn1c
compiling bcrypt_pbkdf.c
bcrypt_pbkdf.c:81:40: warning: expression does not compute the number of elements in this array; element type is 'uint32_t' (aka 'unsigned int'), not 'uint64_t' (aka 'unsigned long long') [-Wsizeof-array-div]
   81 |                 blf_enc(&state, cdata, sizeof(cdata) / sizeof(uint64_t));
      |                                               ~~~~~  ^
bcrypt_pbkdf.c:62:11: note: array 'cdata' declared here
   62 |         uint32_t cdata[BCRYPT_WORDS];
      |                  ^
bcrypt_pbkdf.c:81:40: note: place parentheses around the 'sizeof(uint64_t)' expression to silence this warning
   81 |                 blf_enc(&state, cdata, sizeof(cdata) / sizeof(uint64_t));
      |                                                      ^
1 warning generated.
compiling bcrypt_pbkdf_ext.c
bcrypt_pbkdf_ext.c:18:5: warning: implicit conversion loses integer precision: 'unsigned long' to 'unsigned int' [-Wshorten-64-to-32]
   14 |   int ret = bcrypt_pbkdf(
      |             ~~~~~~~~~~~~
   15 |     StringValuePtr(pass), RSTRING_LEN(pass),
   16 |     (const u_int8_t*)StringValuePtr(salt), RSTRING_LEN(salt),
   17 |     okey, okeylen,
   18 |     NUM2ULONG(rounds));
      |     ^~~~~~~~~~~~~~~~~
/Users/ertugrulsahin/.rbenv/versions/3.4.7/include/ruby-3.4.0/ruby/internal/arithmetic/long.h:52:22: note: expanded from macro 'NUM2ULONG'
   52 | #define NUM2ULONG    RB_NUM2ULONG         /**< @old{RB_NUM2ULONG} */
      |                      ^
/Users/ertugrulsahin/.rbenv/versions/3.4.7/include/ruby-3.4.0/ruby/internal/arithmetic/long.h:58:22: note: expanded from macro 'RB_NUM2ULONG'
   58 | #define RB_NUM2ULONG rb_num2ulong_inline  /**< @alias{rb_num2ulong_inline} */
      |                      ^
1 warning generated.
compiling blowfish.c
compiling explicit_bzero.c
compiling hash_sha512.c
linking shared-object bcrypt_pbkdf_ext.bundle

current directory: /Users/ertugrulsahin/Codalio/demo-project-v4/booking-app/gems/bcrypt_pbkdf-1.1.2/ext/mri
make DESTDIR\= sitearchdir\=./.gem.20260716-36696-f1jn1c sitelibdir\=./.gem.20260716-36696-f1jn1c install
/opt/homebrew/bin/ginstall -c -m 0755 bcrypt_pbkdf_ext.bundle ./.gem.20260716-36696-f1jn1c

current directory: /Users/ertugrulsahin/Codalio/demo-project-v4/booking-app/gems/bcrypt_pbkdf-1.1.2/ext/mri
make DESTDIR\= sitearchdir\=./.gem.20260716-36696-f1jn1c sitelibdir\=./.gem.20260716-36696-f1jn1c clean
