current directory: /Users/ertugrulsahin/Codalio/demo-project-v4/booking-app/gems/psych-5.4.0/ext/psych
/Users/ertugrulsahin/.rbenv/versions/3.4.7/bin/ruby extconf.rb
checking for pkg-config for yaml-0.1... ["-I/opt/homebrew/Cellar/libyaml/0.2.5/include ", "-L/opt/homebrew/Cellar/libyaml/0.2.5/lib", "-lyaml"]
creating Makefile

current directory: /Users/ertugrulsahin/Codalio/demo-project-v4/booking-app/gems/psych-5.4.0/ext/psych
make DESTDIR\= sitearchdir\=./.gem.20260716-36696-30j2es sitelibdir\=./.gem.20260716-36696-30j2es clean
cd libyaml && make clean
/bin/sh: line 0: cd: libyaml: No such file or directory
make: [Makefile:287: clean-so] Error 1 (ignored)

current directory: /Users/ertugrulsahin/Codalio/demo-project-v4/booking-app/gems/psych-5.4.0/ext/psych
make DESTDIR\= sitearchdir\=./.gem.20260716-36696-30j2es sitelibdir\=./.gem.20260716-36696-30j2es
compiling psych.c
compiling psych_emitter.c
compiling psych_parser.c
compiling psych_to_ruby.c
compiling psych_yaml_tree.c
linking shared-object psych.bundle

current directory: /Users/ertugrulsahin/Codalio/demo-project-v4/booking-app/gems/psych-5.4.0/ext/psych
make DESTDIR\= sitearchdir\=./.gem.20260716-36696-30j2es sitelibdir\=./.gem.20260716-36696-30j2es install
/opt/homebrew/bin/ginstall -c -m 0755 psych.bundle ./.gem.20260716-36696-30j2es

current directory: /Users/ertugrulsahin/Codalio/demo-project-v4/booking-app/gems/psych-5.4.0/ext/psych
make DESTDIR\= sitearchdir\=./.gem.20260716-36696-30j2es sitelibdir\=./.gem.20260716-36696-30j2es clean
cd libyaml && make clean
/bin/sh: line 0: cd: libyaml: No such file or directory
make: [Makefile:287: clean-so] Error 1 (ignored)
